#
# A fatal error has been detected by the Java Runtime Environment:
#
#  SIGSEGV (0xb) at pc=0x00763736, pid=14293, tid=2249911104
#
# JRE version: Java(TM) SE Runtime Environment (8.0_05-b13) (build 1.8.0_05-b13)
# Java VM: Java HotSpot(TM) Server VM (25.5-b02 mixed mode linux-x86 )
# Problematic frame:
# C  [sqlite-3.7.2-libsqlitejdbc.so+0xc736]  sqlite3_data_count+0x33
#
# Failed to write core dump. Core dumps have been disabled. To enable core dumping, try "ulimit -c unlimited" before starting Java again
#
# If you would like to submit a bug report, please visit:
#   http://bugreport.sun.com/bugreport/crash.jsp
# The crash happened outside the Java Virtual Machine in native code.
# See problematic frame for where to report the bug.
#

---------------  T H R E A D  ---------------

Current thread (0x864b2400):  JavaThread "AWT-EventQueue-0" [_thread_in_native, id=14312, stack(0x8615e000,0x861af000)]

siginfo:si_signo=SIGSEGV: si_errno=0, si_code=1 (SEGV_MAPERR), si_addr=0x00000000

Registers:
EAX=0x00000000, EBX=0x007c6fc4, ECX=0x007826e9, EDX=0x00000000
ESP=0x861aca54, EBP=0x861aca78, ESI=0x859071f4, EDI=0x00000000
EIP=0x00763736, EFLAGS=0x00210282, CR2=0x00000000

Top of Stack: (sp=0x861aca54)
0x861aca54:   a8513934 a8502a48 00000000 861acb34
0x861aca64:   00000000 0076372a 007c6fc4 859071f4
0x861aca74:   864b2400 861acaa8 0075f295 00000000
0x861aca84:   00000000 859514d8 864b2400 00000000
0x861aca94:   861acb34 0075f281 859071f8 859071f4
0x861acaa4:   864b2400 861acaf4 a850bc49 864b252c
0x861acab4:   861acb10 00000000 00000000 00000000
0x861acac4:   864b2400 861acacc 00000001 9d94c990 

Instructions: (pc=0x00763736)
0x00763716:   30 eb 02 31 c0 5d c3 55 89 e5 57 89 d7 56 53 e8
0x00763726:   ed a2 ff ff 81 c3 9a 38 06 00 83 ec 18 89 45 ec
0x00763736:   8b 00 ff 75 ec 89 4d e8 89 45 f0 e8 ee 9d ff ff
0x00763746:   83 c4 10 39 c7 89 c6 7d 04 85 ff 79 04 31 f6 eb 

Register to memory mapping:

EAX=0x00000000 is an unknown value
EBX=0x007c6fc4: <offset 0x6ffc4> in /tmp/sqlite-3.7.2-libsqlitejdbc.so at 0x00757000
ECX=0x007826e9: sqlite3_value_text16+0 in /tmp/sqlite-3.7.2-libsqlitejdbc.so at 0x00757000
EDX=0x00000000 is an unknown value
ESP=0x861aca54 is pointing into the stack for thread: 0x864b2400
EBP=0x861aca78 is pointing into the stack for thread: 0x864b2400
ESI=0x859071f4 is an unknown value
EDI=0x00000000 is an unknown value


Stack: [0x8615e000,0x861af000],  sp=0x861aca54,  free space=314k
Native frames: (J=compiled Java code, j=interpreted, Vv=VM code, C=native code)
C  [sqlite-3.7.2-libsqlitejdbc.so+0xc736]  sqlite3_data_count+0x33
C  [sqlite-3.7.2-libsqlitejdbc.so+0x8295]  Java_org_sqlite_NativeDB_column_1name+0x1f
j  org.sqlite.NativeDB.column_name(JI)Ljava/lang/String;+0
j  org.sqlite.RS.getColumnName(I)Ljava/lang/String;+16
j  org.sqlite.RS.getColumnLabel(I)Ljava/lang/String;+2
j  rs.edu.megatrend.dnevnik.ConnectionBase.napraviROTableModel(Ljava/sql/ResultSet;)Ljavax/swing/table/DefaultTableModel;+47
j  rs.edu.megatrend.dnevnik.dProfesori.ucitajProfesore()V+14
j  rs.edu.megatrend.dnevnik.fMeni.btnProfesoriActionPerformed(Ljava/awt/event/ActionEvent;)V+16
j  rs.edu.megatrend.dnevnik.fMeni.access$100(Lrs/edu/megatrend/dnevnik/fMeni;Ljava/awt/event/ActionEvent;)V+2
j  rs.edu.megatrend.dnevnik.fMeni$2.actionPerformed(Ljava/awt/event/ActionEvent;)V+5
j  javax.swing.AbstractButton.fireActionPerformed(Ljava/awt/event/ActionEvent;)V+83
j  javax.swing.AbstractButton$Handler.actionPerformed(Ljava/awt/event/ActionEvent;)V+5
j  javax.swing.DefaultButtonModel.fireActionPerformed(Ljava/awt/event/ActionEvent;)V+34
j  javax.swing.DefaultButtonModel.setPressed(Z)V+117
j  javax.swing.plaf.basic.BasicButtonListener.mouseReleased(Ljava/awt/event/MouseEvent;)V+35
j  java.awt.Component.processMouseEvent(Ljava/awt/event/MouseEvent;)V+64
j  javax.swing.JComponent.processMouseEvent(Ljava/awt/event/MouseEvent;)V+23
j  java.awt.Component.processEvent(Ljava/awt/AWTEvent;)V+81
j  java.awt.Container.processEvent(Ljava/awt/AWTEvent;)V+18
j  java.awt.Component.dispatchEventImpl(Ljava/awt/AWTEvent;)V+589
j  java.awt.Container.dispatchEventImpl(Ljava/awt/AWTEvent;)V+42
j  java.awt.Component.dispatchEvent(Ljava/awt/AWTEvent;)V+2
j  java.awt.LightweightDispatcher.retargetMouseEvent(Ljava/awt/Component;ILjava/awt/event/MouseEvent;)V+327
j  java.awt.LightweightDispatcher.processMouseEvent(Ljava/awt/event/MouseEvent;)Z+143
j  java.awt.LightweightDispatcher.dispatchEvent(Ljava/awt/AWTEvent;)Z+50
j  java.awt.Container.dispatchEventImpl(Ljava/awt/AWTEvent;)V+12
j  java.awt.Window.dispatchEventImpl(Ljava/awt/AWTEvent;)V+19
j  java.awt.Component.dispatchEvent(Ljava/awt/AWTEvent;)V+2
j  java.awt.EventQueue.dispatchEventImpl(Ljava/awt/AWTEvent;Ljava/lang/Object;)V+41
j  java.awt.EventQueue.access$400(Ljava/awt/EventQueue;Ljava/awt/AWTEvent;Ljava/lang/Object;)V+3
j  java.awt.EventQueue$3.run()Ljava/lang/Void;+32
j  java.awt.EventQueue$3.run()Ljava/lang/Object;+1
v  ~StubRoutines::call_stub
V  [libjvm.so+0x4afdff]  JavaCalls::call_helper(JavaValue*, methodHandle*, JavaCallArguments*, Thread*)+0x101f
V  [libjvm.so+0x6ed549]  os::os_exception_wrapper(void (*)(JavaValue*, methodHandle*, JavaCallArguments*, Thread*), JavaValue*, methodHandle*, JavaCallArguments*, Thread*)+0x19
V  [libjvm.so+0x4ae3cf]  JavaCalls::call(JavaValue*, methodHandle, JavaCallArguments*, Thread*)+0x2f
V  [libjvm.so+0x5306df]  JVM_DoPrivileged+0x29f
C  [libjava.so+0x9c2a]  Java_java_security_AccessController_doPrivileged__Ljava_security_PrivilegedAction_2Ljava_security_AccessControlContext_2+0x3a
J 681  java.security.AccessController.doPrivileged(Ljava/security/PrivilegedAction;Ljava/security/AccessControlContext;)Ljava/lang/Object; (0 bytes) @ 0xa870ed8c [0xa870ece0+0xac]
J 693 C1 java.security.ProtectionDomain$1.doIntersectionPrivilege(Ljava/security/PrivilegedAction;Ljava/security/AccessControlContext;Ljava/security/AccessControlContext;)Ljava/lang/Object; (32 bytes) @ 0xa8712e78 [0xa8712c20+0x258]
j  java.security.ProtectionDomain$1.doIntersectionPrivilege(Ljava/security/PrivilegedAction;Ljava/security/AccessControlContext;)Ljava/lang/Object;+6
j  java.awt.EventQueue$4.run()Ljava/lang/Void;+11
j  java.awt.EventQueue$4.run()Ljava/lang/Object;+1
v  ~StubRoutines::call_stub
V  [libjvm.so+0x4afdff]  JavaCalls::call_helper(JavaValue*, methodHandle*, JavaCallArguments*, Thread*)+0x101f
V  [libjvm.so+0x6ed549]  os::os_exception_wrapper(void (*)(JavaValue*, methodHandle*, JavaCallArguments*, Thread*), JavaValue*, methodHandle*, JavaCallArguments*, Thread*)+0x19
V  [libjvm.so+0x4ae3cf]  JavaCalls::call(JavaValue*, methodHandle, JavaCallArguments*, Thread*)+0x2f
V  [libjvm.so+0x5306df]  JVM_DoPrivileged+0x29f
C  [libjava.so+0x9c2a]  Java_java_security_AccessController_doPrivileged__Ljava_security_PrivilegedAction_2Ljava_security_AccessControlContext_2+0x3a
J 681  java.security.AccessController.doPrivileged(Ljava/security/PrivilegedAction;Ljava/security/AccessControlContext;)Ljava/lang/Object; (0 bytes) @ 0xa870ed8c [0xa870ece0+0xac]
J 693 C1 java.security.ProtectionDomain$1.doIntersectionPrivilege(Ljava/security/PrivilegedAction;Ljava/security/AccessControlContext;Ljava/security/AccessControlContext;)Ljava/lang/Object; (32 bytes) @ 0xa8712e78 [0xa8712c20+0x258]
j  java.awt.EventQueue.dispatchEvent(Ljava/awt/AWTEvent;)V+73
j  java.awt.EventDispatchThread.pumpOneEventForFilters(I)V+245
j  java.awt.EventDispatchThread.pumpEventsForFilter(ILjava/awt/Conditional;Ljava/awt/EventFilter;)V+35
j  java.awt.EventDispatchThread.pumpEventsForHierarchy(ILjava/awt/Conditional;Ljava/awt/Component;)V+11
j  java.awt.EventDispatchThread.pumpEvents(ILjava/awt/Conditional;)V+4
j  java.awt.EventDispatchThread.pumpEvents(Ljava/awt/Conditional;)V+3
j  java.awt.EventDispatchThread.run()V+9
v  ~StubRoutines::call_stub
V  [libjvm.so+0x4afdff]  JavaCalls::call_helper(JavaValue*, methodHandle*, JavaCallArguments*, Thread*)+0x101f
V  [libjvm.so+0x6ed549]  os::os_exception_wrapper(void (*)(JavaValue*, methodHandle*, JavaCallArguments*, Thread*), JavaValue*, methodHandle*, JavaCallArguments*, Thread*)+0x19
V  [libjvm.so+0x4b0222]  JavaCalls::call_virtual(JavaValue*, KlassHandle, Symbol*, Symbol*, JavaCallArguments*, Thread*)+0x262
V  [libjvm.so+0x4b065b]  JavaCalls::call_virtual(JavaValue*, Handle, KlassHandle, Symbol*, Symbol*, Thread*)+0x4b
V  [libjvm.so+0x53d22d]  thread_entry(JavaThread*, Thread*)+0x8d
V  [libjvm.so+0x81b6b9]  JavaThread::thread_main_inner()+0x109
V  [libjvm.so+0x81b8ae]  JavaThread::run()+0x1be
V  [libjvm.so+0x6f43b9]  java_start(Thread*)+0x119
C  [libpthread.so.0+0x6d4c]  start_thread+0xcc

Java frames: (J=compiled Java code, j=interpreted, Vv=VM code)
j  org.sqlite.NativeDB.column_name(JI)Ljava/lang/String;+0
j  org.sqlite.RS.getColumnName(I)Ljava/lang/String;+16
j  org.sqlite.RS.getColumnLabel(I)Ljava/lang/String;+2
j  rs.edu.megatrend.dnevnik.ConnectionBase.napraviROTableModel(Ljava/sql/ResultSet;)Ljavax/swing/table/DefaultTableModel;+47
j  rs.edu.megatrend.dnevnik.dProfesori.ucitajProfesore()V+14
j  rs.edu.megatrend.dnevnik.fMeni.btnProfesoriActionPerformed(Ljava/awt/event/ActionEvent;)V+16
j  rs.edu.megatrend.dnevnik.fMeni.access$100(Lrs/edu/megatrend/dnevnik/fMeni;Ljava/awt/event/ActionEvent;)V+2
j  rs.edu.megatrend.dnevnik.fMeni$2.actionPerformed(Ljava/awt/event/ActionEvent;)V+5
j  javax.swing.AbstractButton.fireActionPerformed(Ljava/awt/event/ActionEvent;)V+83
j  javax.swing.AbstractButton$Handler.actionPerformed(Ljava/awt/event/ActionEvent;)V+5
j  javax.swing.DefaultButtonModel.fireActionPerformed(Ljava/awt/event/ActionEvent;)V+34
j  javax.swing.DefaultButtonModel.setPressed(Z)V+117
j  javax.swing.plaf.basic.BasicButtonListener.mouseReleased(Ljava/awt/event/MouseEvent;)V+35
j  java.awt.Component.processMouseEvent(Ljava/awt/event/MouseEvent;)V+64
j  javax.swing.JComponent.processMouseEvent(Ljava/awt/event/MouseEvent;)V+23
j  java.awt.Component.processEvent(Ljava/awt/AWTEvent;)V+81
j  java.awt.Container.processEvent(Ljava/awt/AWTEvent;)V+18
j  java.awt.Component.dispatchEventImpl(Ljava/awt/AWTEvent;)V+589
j  java.awt.Container.dispatchEventImpl(Ljava/awt/AWTEvent;)V+42
j  java.awt.Component.dispatchEvent(Ljava/awt/AWTEvent;)V+2
j  java.awt.LightweightDispatcher.retargetMouseEvent(Ljava/awt/Component;ILjava/awt/event/MouseEvent;)V+327
j  java.awt.LightweightDispatcher.processMouseEvent(Ljava/awt/event/MouseEvent;)Z+143
j  java.awt.LightweightDispatcher.dispatchEvent(Ljava/awt/AWTEvent;)Z+50
j  java.awt.Container.dispatchEventImpl(Ljava/awt/AWTEvent;)V+12
j  java.awt.Window.dispatchEventImpl(Ljava/awt/AWTEvent;)V+19
j  java.awt.Component.dispatchEvent(Ljava/awt/AWTEvent;)V+2
j  java.awt.EventQueue.dispatchEventImpl(Ljava/awt/AWTEvent;Ljava/lang/Object;)V+41
j  java.awt.EventQueue.access$400(Ljava/awt/EventQueue;Ljava/awt/AWTEvent;Ljava/lang/Object;)V+3
j  java.awt.EventQueue$3.run()Ljava/lang/Void;+32
j  java.awt.EventQueue$3.run()Ljava/lang/Object;+1
v  ~StubRoutines::call_stub
J 681  java.security.AccessController.doPrivileged(Ljava/security/PrivilegedAction;Ljava/security/AccessControlContext;)Ljava/lang/Object; (0 bytes) @ 0xa870ed48 [0xa870ece0+0x68]
J 693 C1 java.security.ProtectionDomain$1.doIntersectionPrivilege(Ljava/security/PrivilegedAction;Ljava/security/AccessControlContext;Ljava/security/AccessControlContext;)Ljava/lang/Object; (32 bytes) @ 0xa8712e78 [0xa8712c20+0x258]
j  java.security.ProtectionDomain$1.doIntersectionPrivilege(Ljava/security/PrivilegedAction;Ljava/security/AccessControlContext;)Ljava/lang/Object;+6
j  java.awt.EventQueue$4.run()Ljava/lang/Void;+11
j  java.awt.EventQueue$4.run()Ljava/lang/Object;+1
v  ~StubRoutines::call_stub
J 681  java.security.AccessController.doPrivileged(Ljava/security/PrivilegedAction;Ljava/security/AccessControlContext;)Ljava/lang/Object; (0 bytes) @ 0xa870ed48 [0xa870ece0+0x68]
J 693 C1 java.security.ProtectionDomain$1.doIntersectionPrivilege(Ljava/security/PrivilegedAction;Ljava/security/AccessControlContext;Ljava/security/AccessControlContext;)Ljava/lang/Object; (32 bytes) @ 0xa8712e78 [0xa8712c20+0x258]
j  java.awt.EventQueue.dispatchEvent(Ljava/awt/AWTEvent;)V+73
j  java.awt.EventDispatchThread.pumpOneEventForFilters(I)V+245
j  java.awt.EventDispatchThread.pumpEventsForFilter(ILjava/awt/Conditional;Ljava/awt/EventFilter;)V+35
j  java.awt.EventDispatchThread.pumpEventsForHierarchy(ILjava/awt/Conditional;Ljava/awt/Component;)V+11
j  java.awt.EventDispatchThread.pumpEvents(ILjava/awt/Conditional;)V+4
j  java.awt.EventDispatchThread.pumpEvents(Ljava/awt/Conditional;)V+3
j  java.awt.EventDispatchThread.run()V+9
v  ~StubRoutines::call_stub

---------------  P R O C E S S  ---------------

Java Threads: ( => current thread )
  0x85dc3400 JavaThread "TimerQueue" daemon [_thread_blocked, id=14314, stack(0x85b9b000,0x85bec000)]
  0x85d07800 JavaThread "Image Fetcher 0" daemon [_thread_blocked, id=14313, stack(0x8610d000,0x8615e000)]
  0xb7507400 JavaThread "DestroyJavaVM" [_thread_blocked, id=14297, stack(0xb76e8000,0xb7739000)]
=>0x864b2400 JavaThread "AWT-EventQueue-0" [_thread_in_native, id=14312, stack(0x8615e000,0x861af000)]
  0x864b1000 JavaThread "AWT-Shutdown" [_thread_blocked, id=14311, stack(0x861af000,0x86200000)]
  0x86461400 JavaThread "AWT-XAWT" daemon [_thread_in_native, id=14310, stack(0x86b2c000,0x86b7d000)]
  0x86af9c00 JavaThread "Java2D Disposer" daemon [_thread_blocked, id=14309, stack(0x8852e000,0x8857f000)]
  0x86a3ac00 JavaThread "Service Thread" daemon [_thread_blocked, id=14307, stack(0x8658a000,0x865db000)]
  0x86a37800 JavaThread "C1 CompilerThread1" daemon [_thread_blocked, id=14306, stack(0x865db000,0x8665c000)]
  0x86a35c00 JavaThread "C2 CompilerThread0" daemon [_thread_blocked, id=14305, stack(0x8665c000,0x866dd000)]
  0x86a34400 JavaThread "Signal Dispatcher" daemon [_thread_blocked, id=14304, stack(0x8872e000,0x8877f000)]
  0x86a16400 JavaThread "Finalizer" daemon [_thread_blocked, id=14303, stack(0x868dd000,0x8692e000)]
  0x86a13c00 JavaThread "Reference Handler" daemon [_thread_blocked, id=14302, stack(0x8692e000,0x8697f000)]

Other Threads:
  0x86a10c00 VMThread [stack: 0x8697f000,0x86a00000] [id=14301]
  0x86a3c400 WatcherThread [stack: 0x86509000,0x8658a000] [id=14308]

VM state:not at safepoint (normal execution)

VM Mutex/Monitor currently owned by a thread: None

Heap:
 PSYoungGen      total 9472K, used 2700K [0x9d800000, 0x9e280000, 0xa8000000)
  eden space 8192K, 17% used [0x9d800000,0x9d964f90,0x9e000000)
  from space 1280K, 99% used [0x9e000000,0x9e13e240,0x9e140000)
  to   space 1280K, 0% used [0x9e140000,0x9e140000,0x9e280000)
 ParOldGen       total 22016K, used 1926K [0x88800000, 0x89d80000, 0x9d800000)
  object space 22016K, 8% used [0x88800000,0x889e1848,0x89d80000)
 Metaspace       used 9178K, capacity 9297K, committed 9368K, reserved 9520K

Card table byte_map: [0xa8043000,0xa8140000] byte_map_base: 0xa7bff000

Marking Bits: (ParMarkBitMap*) 0x018c7d80
 Begin Bits: [0x87440000, 0x87c20000)
 End Bits:   [0x87c20000, 0x88400000)

Polling page: 0xb774c000

CodeCache: size=245760Kb used=2252Kb max_used=2264Kb free=243507Kb
 bounds [0xa8500000, 0xa8740000, 0xb7500000]
 total_blobs=1060 nmethods=774 adapters=202
 compilation: enabled

Compilation events (10 events):
Event: 3.520 Thread 0x86a37800 nmethod 771 0xa872e388 code [0xa872e500, 0xa872ea7c]
Event: 3.520 Thread 0x86a37800  766       3       java.awt.Component::isDisplayable (13 bytes)
Event: 3.521 Thread 0x86a37800 nmethod 766 0xa872e0c8 code [0xa872e1e0, 0xa872e300]
Event: 3.521 Thread 0x86a37800  770   !   3       java.awt.Component::getName (58 bytes)
Event: 3.522 Thread 0x86a37800 nmethod 770 0xa872dac8 code [0xa872dc20, 0xa872dfcc]
Event: 3.522 Thread 0x86a37800  772       1       java.awt.Container::getLayout (5 bytes)
Event: 3.522 Thread 0x86a37800 nmethod 772 0xa872d8c8 code [0xa872d9c0, 0xa872da60]
Event: 3.522 Thread 0x86a37800  768       3       javax.swing.RepaintManager::getDelegate (14 bytes)
Event: 3.522 Thread 0x86a37800 nmethod 768 0xa8730508 code [0xa8730620, 0xa873074c]
Event: 3.522 Thread 0x86a37800  769       3       com.sun.java.swing.SwingUtilities3::getDelegateRepaintManager (72 bytes)

GC Heap History (2 events):
Event: 2.531 GC heap before
{Heap before GC invocations=1 (full 0):
 PSYoungGen      total 9472K, used 8106K [0x9d800000, 0x9e280000, 0xa8000000)
  eden space 8192K, 98% used [0x9d800000,0x9dfea920,0x9e000000)
  from space 1280K, 0% used [0x9e140000,0x9e140000,0x9e280000)
  to   space 1280K, 0% used [0x9e000000,0x9e000000,0x9e140000)
 ParOldGen       total 22016K, used 0K [0x88800000, 0x89d80000, 0x9d800000)
  object space 22016K, 0% used [0x88800000,0x88800000,0x89d80000)
 Metaspace       used 8712K, capacity 8780K, committed 8856K, reserved 9520K
Event: 2.552 GC heap after
Heap after GC invocations=1 (full 0):
 PSYoungGen      total 9472K, used 1272K [0x9d800000, 0x9e280000, 0xa8000000)
  eden space 8192K, 0% used [0x9d800000,0x9d800000,0x9e000000)
  from space 1280K, 99% used [0x9e000000,0x9e13e240,0x9e140000)
  to   space 1280K, 0% used [0x9e140000,0x9e140000,0x9e280000)
 ParOldGen       total 22016K, used 1926K [0x88800000, 0x89d80000, 0x9d800000)
  object space 22016K, 8% used [0x88800000,0x889e1848,0x89d80000)
 Metaspace       used 8712K, capacity 8780K, committed 8856K, reserved 9520K
}

Deoptimization events (4 events):
Event: 2.344 Thread 0x864b2400 Uncommon trap: reason=unloaded action=reinterpret pc=0xa86c6730 method=org.sqlite.SQLiteJDBCLoader.md5sum(Ljava/io/InputStream;)Ljava/lang/String; @ 35
Event: 2.344 Thread 0x864b2400 Uncommon trap: reason=unreached action=reinterpret pc=0xa86bbdcc method=sun.security.provider.DigestBase.engineUpdate(B)V @ 4
Event: 3.507 Thread 0x864b2400 Uncommon trap: reason=unreached action=reinterpret pc=0xa872913c method=java.util.HashMap.putVal(ILjava/lang/Object;Ljava/lang/Object;ZZ)Ljava/lang/Object; @ 109
Event: 3.507 Thread 0x864b2400 Uncommon trap: reason=unreached action=reinterpret pc=0xa864cb30 method=java.util.HashMap.putVal(ILjava/lang/Object;Ljava/lang/Object;ZZ)Ljava/lang/Object; @ 109

Internal exceptions (10 events):
Event: 2.441 Thread 0x864b2400 Exception <a 'java/security/PrivilegedActionException'> (0x9df9dd78) thrown at [/HUDSON/workspace/8-2-build-linux-i586/jdk8u5/2488/hotspot/src/share/vm/prims/jvm.cpp, line 1248]
Event: 2.447 Thread 0x864b2400 Exception <a 'java/security/PrivilegedActionException'> (0x9dfa88c0) thrown at [/HUDSON/workspace/8-2-build-linux-i586/jdk8u5/2488/hotspot/src/share/vm/prims/jvm.cpp, line 1248]
Event: 2.455 Thread 0x864b2400 Exception <a 'java/security/PrivilegedActionException'> (0x9dfb4ac0) thrown at [/HUDSON/workspace/8-2-build-linux-i586/jdk8u5/2488/hotspot/src/share/vm/prims/jvm.cpp, line 1248]
Event: 2.460 Thread 0x864b2400 Exception <a 'java/security/PrivilegedActionException'> (0x9dfbda30) thrown at [/HUDSON/workspace/8-2-build-linux-i586/jdk8u5/2488/hotspot/src/share/vm/prims/jvm.cpp, line 1248]
Event: 2.460 Thread 0x864b2400 Exception <a 'java/security/PrivilegedActionException'> (0x9dfbfa40) thrown at [/HUDSON/workspace/8-2-build-linux-i586/jdk8u5/2488/hotspot/src/share/vm/prims/jvm.cpp, line 1248]
Event: 2.571 Thread 0x864b2400 Exception <a 'java/lang/UnsupportedOperationException': > (0x9d88e790) thrown at [/HUDSON/workspace/8-2-build-linux-i586/jdk8u5/2488/hotspot/src/share/vm/prims/jni.cpp, line 742]
Event: 3.413 Thread 0x864b2400 Exception <a 'java/security/PrivilegedActionException'> (0x9d8dbdb0) thrown at [/HUDSON/workspace/8-2-build-linux-i586/jdk8u5/2488/hotspot/src/share/vm/prims/jvm.cpp, line 1248]
Event: 3.493 Thread 0x864b2400 Exception <a 'java/security/PrivilegedActionException'> (0x9d935850) thrown at [/HUDSON/workspace/8-2-build-linux-i586/jdk8u5/2488/hotspot/src/share/vm/prims/jvm.cpp, line 1248]
Event: 3.494 Thread 0x864b2400 Exception <a 'java/security/PrivilegedActionException'> (0x9d937990) thrown at [/HUDSON/workspace/8-2-build-linux-i586/jdk8u5/2488/hotspot/src/share/vm/prims/jvm.cpp, line 1248]
Event: 3.494 Thread 0x864b2400 Exception <a 'java/security/PrivilegedActionException'> (0x9d939ab8) thrown at [/HUDSON/workspace/8-2-build-linux-i586/jdk8u5/2488/hotspot/src/share/vm/prims/jvm.cpp, line 1248]

Events (10 events):
Event: 3.517 loading class java/util/Vector$1
Event: 3.517 loading class java/util/Vector$1 done
Event: 3.520 loading class javax/swing/JTable$2
Event: 3.521 loading class javax/swing/JTable$Resizable3
Event: 3.521 loading class javax/swing/JTable$Resizable2
Event: 3.521 loading class javax/swing/JTable$Resizable2 done
Event: 3.521 loading class javax/swing/JTable$Resizable3 done
Event: 3.521 loading class javax/swing/JTable$2 done
Event: 3.521 loading class javax/swing/JTable$5
Event: 3.521 loading class javax/swing/JTable$5 done


Dynamic libraries:
00110000-0013a000 r-xp 00000000 08:01 2889734    /lib/i386-linux-gnu/libm-2.15.so
0013a000-0013b000 r--p 00029000 08:01 2889734    /lib/i386-linux-gnu/libm-2.15.so
0013b000-0013c000 rw-p 0002a000 08:01 2889734    /lib/i386-linux-gnu/libm-2.15.so
0013c000-00147000 r-xp 00000000 08:01 2889881    /lib/i386-linux-gnu/libnss_files-2.15.so
00147000-00148000 r--p 0000a000 08:01 2889881    /lib/i386-linux-gnu/libnss_files-2.15.so
00148000-00149000 rw-p 0000b000 08:01 2889881    /lib/i386-linux-gnu/libnss_files-2.15.so
00149000-001cf000 r-xp 00000000 08:05 2623642    /home/nikola/jdk1.8.0_05/jre/lib/i386/libawt.so
001cf000-001d6000 rw-p 00086000 08:05 2623642    /home/nikola/jdk1.8.0_05/jre/lib/i386/libawt.so
001d6000-001fa000 rw-p 00000000 00:00 0 
001fa000-0032a000 r-xp 00000000 08:01 1969181    /usr/lib/i386-linux-gnu/libX11.so.6.3.0
0032a000-0032b000 r--p 0012f000 08:01 1969181    /usr/lib/i386-linux-gnu/libX11.so.6.3.0
0032b000-0032d000 rw-p 00130000 08:01 1969181    /usr/lib/i386-linux-gnu/libX11.so.6.3.0
0032d000-0032e000 rw-p 00000000 00:00 0 
00331000-00339000 r-xp 00000000 08:01 1969177    /usr/lib/i386-linux-gnu/libXrender.so.1.3.0
00339000-0033a000 r--p 00007000 08:01 1969177    /usr/lib/i386-linux-gnu/libXrender.so.1.3.0
0033a000-0033b000 rw-p 00008000 08:01 1969177    /usr/lib/i386-linux-gnu/libXrender.so.1.3.0
0033b000-0035a000 r-xp 00000000 08:01 1969041    /usr/lib/i386-linux-gnu/libxcb.so.1.1.0
0035a000-0035b000 r--p 0001f000 08:01 1969041    /usr/lib/i386-linux-gnu/libxcb.so.1.1.0
0035b000-0035c000 rw-p 00020000 08:01 1969041    /usr/lib/i386-linux-gnu/libxcb.so.1.1.0
0035c000-00361000 r-xp 00000000 08:01 1968655    /usr/lib/i386-linux-gnu/libXdmcp.so.6.0.0
00361000-00362000 r--p 00004000 08:01 1968655    /usr/lib/i386-linux-gnu/libXdmcp.so.6.0.0
00362000-00363000 rw-p 00005000 08:01 1968655    /usr/lib/i386-linux-gnu/libXdmcp.so.6.0.0
00363000-0036c000 r-xp 00000000 08:01 1967691    /usr/lib/i386-linux-gnu/libXcursor.so.1.0.2
0036c000-0036d000 r--p 00008000 08:01 1967691    /usr/lib/i386-linux-gnu/libXcursor.so.1.0.2
0036d000-0036e000 rw-p 00009000 08:01 1967691    /usr/lib/i386-linux-gnu/libXcursor.so.1.0.2
0036e000-003cf000 r-xp 00000000 08:05 2623487    /home/nikola/jdk1.8.0_05/jre/lib/i386/libfontmanager.so
003cf000-003d2000 rw-p 00060000 08:05 2623487    /home/nikola/jdk1.8.0_05/jre/lib/i386/libfontmanager.so
003d2000-003d6000 rw-p 00000000 00:00 0 
003d6000-003f1000 r-xp 00000000 08:01 2884508    /lib/i386-linux-gnu/libgcc_s.so.1
003f1000-003f2000 r--p 0001a000 08:01 2884508    /lib/i386-linux-gnu/libgcc_s.so.1
003f2000-003f3000 rw-p 0001b000 08:01 2884508    /lib/i386-linux-gnu/libgcc_s.so.1
003f3000-00407000 r-xp 00000000 08:05 2623640    /home/nikola/jdk1.8.0_05/jre/lib/i386/libnet.so
00407000-00408000 rw-p 00014000 08:05 2623640    /home/nikola/jdk1.8.0_05/jre/lib/i386/libnet.so
00408000-00417000 r-xp 00000000 08:05 2623639    /home/nikola/jdk1.8.0_05/jre/lib/i386/libnio.so
00417000-00418000 rw-p 0000e000 08:05 2623639    /home/nikola/jdk1.8.0_05/jre/lib/i386/libnio.so
0043d000-00451000 r-xp 00000000 08:05 2623565    /home/nikola/jdk1.8.0_05/jre/lib/i386/jli/libjli.so
00451000-00452000 rw-p 00013000 08:05 2623565    /home/nikola/jdk1.8.0_05/jre/lib/i386/jli/libjli.so
00452000-00477000 r-xp 00000000 08:05 2623619    /home/nikola/jdk1.8.0_05/jre/lib/i386/libdcpr.so
00477000-0047a000 rw-p 00024000 08:05 2623619    /home/nikola/jdk1.8.0_05/jre/lib/i386/libdcpr.so
00483000-00492000 r-xp 00000000 08:01 1968656    /usr/lib/i386-linux-gnu/libXi.so.6.1.0
00492000-00493000 r--p 0000e000 08:01 1968656    /usr/lib/i386-linux-gnu/libXi.so.6.1.0
00493000-00494000 rw-p 0000f000 08:01 1968656    /usr/lib/i386-linux-gnu/libXi.so.6.1.0
004a1000-004ea000 r-xp 00000000 08:05 2623546    /home/nikola/jdk1.8.0_05/jre/lib/i386/libawt_xawt.so
004ea000-004ec000 rw-p 00049000 08:05 2623546    /home/nikola/jdk1.8.0_05/jre/lib/i386/libawt_xawt.so
004ec000-004ed000 rw-p 00000000 00:00 0 
006ad000-006c4000 r-xp 00000000 08:01 2888922    /lib/i386-linux-gnu/libpthread-2.15.so
006c4000-006c5000 r--p 00016000 08:01 2888922    /lib/i386-linux-gnu/libpthread-2.15.so
006c5000-006c6000 rw-p 00017000 08:01 2888922    /lib/i386-linux-gnu/libpthread-2.15.so
006c6000-006c8000 rw-p 00000000 00:00 0 
00757000-007c6000 r-xp 00000000 08:01 2644900    /tmp/sqlite-3.7.2-libsqlitejdbc.so
007c6000-007c8000 rw-p 0006e000 08:01 2644900    /tmp/sqlite-3.7.2-libsqlitejdbc.so
007c8000-007c9000 rw-p 00000000 00:00 0 
007e0000-00804000 r-xp 00000000 08:05 2623621    /home/nikola/jdk1.8.0_05/jre/lib/i386/libjava.so
00804000-00805000 rw-p 00023000 08:05 2623621    /home/nikola/jdk1.8.0_05/jre/lib/i386/libjava.so
00936000-0093d000 r-xp 00000000 08:01 2889337    /lib/i386-linux-gnu/librt-2.15.so
0093d000-0093e000 r--p 00006000 08:01 2889337    /lib/i386-linux-gnu/librt-2.15.so
0093e000-0093f000 rw-p 00007000 08:01 2889337    /lib/i386-linux-gnu/librt-2.15.so
00991000-00998000 r-xp 00000000 08:01 2889886    /lib/i386-linux-gnu/libnss_compat-2.15.so
00998000-00999000 r--p 00006000 08:01 2889886    /lib/i386-linux-gnu/libnss_compat-2.15.so
00999000-0099a000 rw-p 00007000 08:01 2889886    /lib/i386-linux-gnu/libnss_compat-2.15.so
009bb000-009d4000 r-xp 00000000 08:05 2623638    /home/nikola/jdk1.8.0_05/jre/lib/i386/libzip.so
009d4000-009d5000 rw-p 00018000 08:05 2623638    /home/nikola/jdk1.8.0_05/jre/lib/i386/libzip.so
009f0000-009f3000 r-xp 00000000 08:01 2889887    /lib/i386-linux-gnu/libdl-2.15.so
009f3000-009f4000 r--p 00002000 08:01 2889887    /lib/i386-linux-gnu/libdl-2.15.so
009f4000-009f5000 rw-p 00003000 08:01 2889887    /lib/i386-linux-gnu/libdl-2.15.so
00a2d000-00a8d000 r-xp 00000000 08:05 2623641    /home/nikola/jdk1.8.0_05/jre/lib/i386/libt2k.so
00a8d000-00a91000 rw-p 00060000 08:05 2623641    /home/nikola/jdk1.8.0_05/jre/lib/i386/libt2k.so
00a91000-00a95000 rw-p 00000000 00:00 0 
00ada000-00c7e000 r-xp 00000000 08:01 2889888    /lib/i386-linux-gnu/libc-2.15.so
00c7e000-00c80000 r--p 001a4000 08:01 2889888    /lib/i386-linux-gnu/libc-2.15.so
00c80000-00c81000 rw-p 001a6000 08:01 2889888    /lib/i386-linux-gnu/libc-2.15.so
00c81000-00c84000 rw-p 00000000 00:00 0 
00d14000-00d1f000 r-xp 00000000 08:05 2623580    /home/nikola/jdk1.8.0_05/jre/lib/i386/libverify.so
00d1f000-00d20000 rw-p 0000b000 08:05 2623580    /home/nikola/jdk1.8.0_05/jre/lib/i386/libverify.so
00d94000-00d95000 r-xp 00000000 00:00 0          [vdso]
00de9000-00df3000 r-xp 00000000 08:01 2889874    /lib/i386-linux-gnu/libnss_nis-2.15.so
00df3000-00df4000 r--p 00009000 08:01 2889874    /lib/i386-linux-gnu/libnss_nis-2.15.so
00df4000-00df5000 rw-p 0000a000 08:01 2889874    /lib/i386-linux-gnu/libnss_nis-2.15.so
00e04000-00e1a000 r-xp 00000000 08:01 2888391    /lib/i386-linux-gnu/libnsl-2.15.so
00e1a000-00e1b000 r--p 00015000 08:01 2888391    /lib/i386-linux-gnu/libnsl-2.15.so
00e1b000-00e1c000 rw-p 00016000 08:01 2888391    /lib/i386-linux-gnu/libnsl-2.15.so
00e1c000-00e1e000 rw-p 00000000 00:00 0 
00e60000-00e65000 r-xp 00000000 08:01 1968680    /usr/lib/i386-linux-gnu/libXtst.so.6.1.0
00e65000-00e66000 r--p 00004000 08:01 1968680    /usr/lib/i386-linux-gnu/libXtst.so.6.1.0
00e66000-00e67000 rw-p 00005000 08:01 1968680    /usr/lib/i386-linux-gnu/libXtst.so.6.1.0
00ea2000-00eb2000 r-xp 00000000 08:01 1966855    /usr/lib/i386-linux-gnu/libXext.so.6.4.0
00eb2000-00eb3000 r--p 0000f000 08:01 1966855    /usr/lib/i386-linux-gnu/libXext.so.6.4.0
00eb3000-00eb4000 rw-p 00010000 08:01 1966855    /usr/lib/i386-linux-gnu/libXext.so.6.4.0
00ef1000-00ef3000 r-xp 00000000 08:01 1968644    /usr/lib/i386-linux-gnu/libXau.so.6.0.0
00ef3000-00ef4000 r--p 00001000 08:01 1968644    /usr/lib/i386-linux-gnu/libXau.so.6.0.0
00ef4000-00ef5000 rw-p 00002000 08:01 1968644    /usr/lib/i386-linux-gnu/libXau.so.6.0.0
00f15000-00f19000 r-xp 00000000 08:01 1966914    /usr/lib/i386-linux-gnu/libXfixes.so.3.1.0
00f19000-00f1a000 r--p 00004000 08:01 1966914    /usr/lib/i386-linux-gnu/libXfixes.so.3.1.0
00f1a000-00f1b000 rw-p 00005000 08:01 1966914    /usr/lib/i386-linux-gnu/libXfixes.so.3.1.0
00f26000-00f46000 r-xp 00000000 08:01 2889081    /lib/i386-linux-gnu/ld-2.15.so
00f46000-00f47000 r--p 0001f000 08:01 2889081    /lib/i386-linux-gnu/ld-2.15.so
00f47000-00f48000 rw-p 00020000 08:01 2889081    /lib/i386-linux-gnu/ld-2.15.so
00f48000-01850000 r-xp 00000000 08:05 2623497    /home/nikola/jdk1.8.0_05/jre/lib/i386/server/libjvm.so
01850000-018b8000 rw-p 00908000 08:05 2623497    /home/nikola/jdk1.8.0_05/jre/lib/i386/server/libjvm.so
018b8000-01cdb000 rw-p 00000000 00:00 0 
08048000-08049000 r-xp 00000000 08:05 2623792    /home/nikola/jdk1.8.0_05/jre/bin/java
08049000-0804a000 rw-p 00000000 08:05 2623792    /home/nikola/jdk1.8.0_05/jre/bin/java
09713000-09938000 rw-p 00000000 00:00 0          [heap]
8557a000-85700000 rw-p 00000000 00:00 0 
85700000-85721000 rw-p 00000000 00:00 0 
85721000-85800000 ---p 00000000 00:00 0 
8584f000-859e0000 rw-p 00000000 00:00 0 
859e0000-85a00000 ---p 00000000 00:00 0 
85a00000-85a5a000 rw-p 00000000 00:00 0 
85a5a000-85b00000 ---p 00000000 00:00 0 
85b23000-85b9b000 rw-s 00000000 00:04 146964491  /SYSV00000000 (deleted)
85b9b000-85b9e000 ---p 00000000 00:00 0 
85b9e000-85bec000 rw-p 00000000 00:00 0 
85c00000-85d00000 rw-p 00000000 00:00 0 
85d00000-85dfc000 rw-p 00000000 00:00 0 
85dfc000-85e00000 ---p 00000000 00:00 0 
85e00000-85f00000 rw-p 00000000 00:00 0 
85f00000-86000000 rw-p 00000000 00:00 0 
86000000-860fb000 rw-p 00000000 00:00 0 
860fb000-86100000 ---p 00000000 00:00 0 
8610d000-86110000 ---p 00000000 00:00 0 
86110000-8615e000 rw-p 00000000 00:00 0 
8615e000-86161000 ---p 00000000 00:00 0 
86161000-861af000 rw-p 00000000 00:00 0 
861af000-861b2000 ---p 00000000 00:00 0 
861b2000-86300000 rw-p 00000000 00:00 0 
86300000-86400000 rw-p 00000000 00:00 0 
86400000-864fa000 rw-p 00000000 00:00 0 
864fa000-86500000 ---p 00000000 00:00 0 
86509000-8650a000 ---p 00000000 00:00 0 
8650a000-8658a000 rw-p 00000000 00:00 0 
8658a000-8658d000 ---p 00000000 00:00 0 
8658d000-865db000 rw-p 00000000 00:00 0 
865db000-865de000 ---p 00000000 00:00 0 
865de000-8665c000 rw-p 00000000 00:00 0 
8665c000-8665f000 ---p 00000000 00:00 0 
8665f000-866dd000 rw-p 00000000 00:00 0 
866dd000-868dd000 r--p 00000000 08:01 1970326    /usr/lib/locale/locale-archive
868dd000-868e0000 ---p 00000000 00:00 0 
868e0000-8692e000 rw-p 00000000 00:00 0 
8692e000-86931000 ---p 00000000 00:00 0 
86931000-8697f000 rw-p 00000000 00:00 0 
8697f000-86980000 ---p 00000000 00:00 0 
86980000-86a00000 rw-p 00000000 00:00 0 
86a00000-86afb000 rw-p 00000000 00:00 0 
86afb000-86b00000 ---p 00000000 00:00 0 
86b2c000-86b2f000 ---p 00000000 00:00 0 
86b2f000-86bcc000 rw-p 00000000 00:00 0 
86bcc000-86da1000 r--s 03c4d000 08:05 2623769    /home/nikola/jdk1.8.0_05/jre/lib/rt.jar
86da1000-87242000 rw-p 00000000 00:00 0 
87242000-87248000 ---p 00000000 00:00 0 
87248000-88400000 rw-p 00000000 00:00 0 
88400000-884fe000 rw-p 00000000 00:00 0 
884fe000-88500000 ---p 00000000 00:00 0 
8852e000-88531000 ---p 00000000 00:00 0 
88531000-8857f000 rw-p 00000000 00:00 0 
8857f000-88580000 ---p 00000000 00:00 0 
88580000-88600000 rw-p 00000000 00:00 0 
88600000-88621000 rw-p 00000000 00:00 0 
88621000-88700000 ---p 00000000 00:00 0 
8872e000-88731000 ---p 00000000 00:00 0 
88731000-8877f000 rw-p 00000000 00:00 0 
8877f000-88780000 ---p 00000000 00:00 0 
88780000-89d80000 rw-p 00000000 00:00 0 
89d80000-9d800000 ---p 00000000 00:00 0 
9d800000-9e280000 rw-p 00000000 00:00 0 
9e280000-a8000000 ---p 00000000 00:00 0 
a801c000-a8027000 r--s 0021a000 08:05 2623566    /home/nikola/jdk1.8.0_05/jre/lib/ext/localedata.jar
a8027000-a8043000 r--s 00393000 08:05 2623600    /home/nikola/jdk1.8.0_05/jre/lib/ext/cldrdata.jar
a8043000-a804e000 rw-p 00000000 00:00 0 
a804e000-a80eb000 ---p 00000000 00:00 0 
a80eb000-a80f1000 rw-p 00000000 00:00 0 
a80f1000-a813f000 ---p 00000000 00:00 0 
a813f000-a8149000 rw-p 00000000 00:00 0 
a8149000-a8500000 ---p 00000000 00:00 0 
a8500000-a8740000 rwxp 00000000 00:00 0 
a8740000-b7500000 ---p 00000000 00:00 0 
b7500000-b75f6000 rw-p 00000000 00:00 0 
b75f6000-b7600000 ---p 00000000 00:00 0 
b7602000-b7603000 rw-p 00000000 00:00 0 
b7603000-b7608000 r--s 00092000 08:05 2623741    /home/nikola/jdk1.8.0_05/jre/lib/jsse.jar
b7608000-b7609000 r--s 00000000 08:01 2758480    /var/cache/fontconfig/c05880de57d1f5e948fdfacc138775d9-le32d4.cache-3
b7609000-b760f000 r--s 00000000 08:01 2758482    /var/cache/fontconfig/945677eb7aeaf62f1d50efc3fb3ec7d8-le32d4.cache-3
b760f000-b7611000 r--s 00000000 08:01 2758479    /var/cache/fontconfig/99e8ed0e538f840c565b6ed5dad60d56-le32d4.cache-3
b7611000-b7614000 r--s 00000000 08:01 2758478    /var/cache/fontconfig/2cd17615ca594fa2959ae173292e504c-le32d4.cache-3
b7614000-b761b000 r--s 00000000 08:01 2759477    /var/cache/fontconfig/6d41288fd70b0be22e8c3a91e032eec0-le32d4.cache-3
b761b000-b761c000 r--s 00000000 08:01 2759476    /var/cache/fontconfig/4794a0821666d79190d59a36cb4f44b5-le32d4.cache-3
b761c000-b761f000 r--s 00000000 08:01 2758476    /var/cache/fontconfig/8801497958630a81b71ace7c5f9b32a8-le32d4.cache-3
b761f000-b7623000 r--s 00000000 08:01 2758475    /var/cache/fontconfig/3047814df9a2f067bd2d96a2b9c36e5a-le32d4.cache-3
b7623000-b7625000 r--s 00000000 08:01 2759475    /var/cache/fontconfig/e49e89034d371f0f9de17aab02136486-le32d4.cache-3
b7625000-b7626000 r--s 00000000 08:01 2758473    /var/cache/fontconfig/4b14b093aebc79c320de5e86ae1d3314-le32d4.cache-3
b7626000-b7633000 r--s 00000000 08:01 2758474    /var/cache/fontconfig/d52a8644073d54c13679302ca1180695-le32d4.cache-3
b7633000-b7634000 r--s 00000000 08:01 2758486    /var/cache/fontconfig/e13b20fdb08344e0e664864cc2ede53d-le32d4.cache-3
b7634000-b764b000 rw-p 00000000 00:00 0 
b764b000-b76e8000 ---p 00000000 00:00 0 
b76e8000-b76eb000 ---p 00000000 00:00 0 
b76eb000-b773c000 rw-p 00000000 00:00 0 
b773c000-b773d000 rw-p 00000000 00:00 0 
b773d000-b7742000 r--s 00309000 08:05 1968458    /home/nikola/NetBeansProjects/Dnevnik/lib/sqlite-jdbc-3.7.2.jar
b7742000-b7743000 r--p 01714000 08:01 1970326    /usr/lib/locale/locale-archive
b7743000-b774b000 rw-s 00000000 08:01 2644895    /tmp/hsperfdata_nikola/14293
b774b000-b774c000 rw-p 00000000 00:00 0 
b774c000-b774d000 r--p 00000000 00:00 0 
b774d000-b774f000 rw-p 00000000 00:00 0 
bfe6d000-bfe6e000 rwxp 00000000 00:00 0 
bfea0000-bfec1000 rw-p 00000000 00:00 0          [stack]

VM Arguments:
jvm_args: -Dfile.encoding=UTF-8 
java_command: rs.edu.megatrend.dnevnik.fLog
java_class_path (initial): /home/nikola/NetBeansProjects/Dnevnik/lib/sqlite-jdbc-3.7.2.jar:/home/nikola/NetBeansProjects/Dnevnik/build/classes
Launcher Type: SUN_STANDARD

Environment Variables:
JAVA_HOME=/usr/local/java/jre1.7.0_45
PATH=/usr/lib/lightdm/lightdm:/usr/local/sbin:/usr/local/bin:/usr/sbin:/usr/bin:/sbin:/bin:/usr/games:/path/to/tools:/path/to/platform-tools:/path/to/tools:/path/to/platform-tools:/home/nikola/bin:/usr/local/java/jre1.7.0_45/bin
LD_LIBRARY_PATH=/home/nikola/jdk1.8.0_05/jre/lib/amd64:/home/nikola/jdk1.8.0_05/jre/lib/i386:
SHELL=/bin/bash
DISPLAY=:0

Signal Handlers:
SIGSEGV: [libjvm.so+0x863250], sa_mask[0]=0x7ffbfeff, sa_flags=0x10000004
SIGBUS: [libjvm.so+0x863250], sa_mask[0]=0x7ffbfeff, sa_flags=0x10000004
SIGFPE: [libjvm.so+0x6ef420], sa_mask[0]=0x7ffbfeff, sa_flags=0x10000004
SIGPIPE: [libjvm.so+0x6ef420], sa_mask[0]=0x7ffbfeff, sa_flags=0x10000004
SIGXFSZ: [libjvm.so+0x6ef420], sa_mask[0]=0x7ffbfeff, sa_flags=0x10000004
SIGILL: [libjvm.so+0x6ef420], sa_mask[0]=0x7ffbfeff, sa_flags=0x10000004
SIGUSR1: SIG_DFL, sa_mask[0]=0x00000000, sa_flags=0x00000000
SIGUSR2: [libjvm.so+0x6f0b30], sa_mask[0]=0x00000004, sa_flags=0x10000004
SIGHUP: [libjvm.so+0x6f1f40], sa_mask[0]=0x7ffbfeff, sa_flags=0x10000004
SIGINT: SIG_IGN, sa_mask[0]=0x00000000, sa_flags=0x00000000
SIGTERM: [libjvm.so+0x6f1f40], sa_mask[0]=0x7ffbfeff, sa_flags=0x10000004
SIGQUIT: [libjvm.so+0x6f1f40], sa_mask[0]=0x7ffbfeff, sa_flags=0x10000004


---------------  S Y S T E M  ---------------

OS:DISTRIB_ID=Ubuntu
DISTRIB_RELEASE=12.04
DISTRIB_CODENAME=precise
DISTRIB_DESCRIPTION="Ubuntu 12.04.4 LTS"

uname:Linux 3.2.0-61-generic #93-Ubuntu SMP Fri May 2 21:33:33 UTC 2014 i686
libc:glibc 2.15 NPTL 2.15 
rlimit: STACK 8192k, CORE 0k, NPROC 15984, NOFILE 4096, AS infinity
load average:0.20 0.22 0.29

/proc/meminfo:
MemTotal:        2060580 kB
MemFree:          255916 kB
Buffers:           34244 kB
Cached:           606392 kB
SwapCached:         6128 kB
Active:          1028668 kB
Inactive:         701548 kB
Active(anon):     726704 kB
Inactive(anon):   388156 kB
Active(file):     301964 kB
Inactive(file):   313392 kB
Unevictable:          16 kB
Mlocked:              16 kB
HighTotal:       1186696 kB
HighFree:          15020 kB
LowTotal:         873884 kB
LowFree:          240896 kB
SwapTotal:       1952764 kB
SwapFree:        1919392 kB
Dirty:               196 kB
Writeback:             0 kB
AnonPages:       1084516 kB
Mapped:           121372 kB
Shmem:             25180 kB
Slab:              41568 kB
SReclaimable:      28064 kB
SUnreclaim:        13504 kB
KernelStack:        2944 kB
PageTables:         8244 kB
NFS_Unstable:          0 kB
Bounce:                0 kB
WritebackTmp:          0 kB
CommitLimit:     2983052 kB
Committed_AS:    2720208 kB
VmallocTotal:     122880 kB
VmallocUsed:       50920 kB
VmallocChunk:      71244 kB
HardwareCorrupted:     0 kB
AnonHugePages:         0 kB
HugePages_Total:       0
HugePages_Free:        0
HugePages_Rsvd:        0
HugePages_Surp:        0
Hugepagesize:       4096 kB
DirectMap4k:       12280 kB
DirectMap4M:      897024 kB


CPU:total 2 (2 cores per cpu, 1 threads per core) family 6 model 15 stepping 13, cmov, cx8, fxsr, mmx, sse, sse2, sse3, ssse3, tsc

/proc/cpuinfo:
processor	: 0
vendor_id	: GenuineIntel
cpu family	: 6
model		: 15
model name	: Intel(R) Pentium(R) Dual  CPU  E2180  @ 2.00GHz
stepping	: 13
microcode	: 0xa1
cpu MHz		: 1200.000
cache size	: 1024 KB
physical id	: 0
siblings	: 2
core id		: 0
cpu cores	: 2
apicid		: 0
initial apicid	: 0
fdiv_bug	: no
hlt_bug		: no
f00f_bug	: no
coma_bug	: no
fpu		: yes
fpu_exception	: yes
cpuid level	: 10
wp		: yes
flags		: fpu vme de pse tsc msr pae mce cx8 apic mtrr pge mca cmov pat pse36 clflush dts acpi mmx fxsr sse sse2 ss ht tm pbe nx lm constant_tsc arch_perfmon pebs bts aperfmperf pni dtes64 monitor ds_cpl est tm2 ssse3 cx16 xtpr pdcm lahf_lm dtherm
bogomips	: 3999.74
clflush size	: 64
cache_alignment	: 64
address sizes	: 36 bits physical, 48 bits virtual
power management:

processor	: 1
vendor_id	: GenuineIntel
cpu family	: 6
model		: 15
model name	: Intel(R) Pentium(R) Dual  CPU  E2180  @ 2.00GHz
stepping	: 13
microcode	: 0xa1
cpu MHz		: 2000.000
cache size	: 1024 KB
physical id	: 0
siblings	: 2
core id		: 1
cpu cores	: 2
apicid		: 1
initial apicid	: 1
fdiv_bug	: no
hlt_bug		: no
f00f_bug	: no
coma_bug	: no
fpu		: yes
fpu_exception	: yes
cpuid level	: 10
wp		: yes
flags		: fpu vme de pse tsc msr pae mce cx8 apic mtrr pge mca cmov pat pse36 clflush dts acpi mmx fxsr sse sse2 ss ht tm pbe nx lm constant_tsc arch_perfmon pebs bts aperfmperf pni dtes64 monitor ds_cpl est tm2 ssse3 cx16 xtpr pdcm lahf_lm dtherm
bogomips	: 3999.97
clflush size	: 64
cache_alignment	: 64
address sizes	: 36 bits physical, 48 bits virtual
power management:



Memory: 4k page, physical 2060580k(255916k free), swap 1952764k(1919392k free)

vm_info: Java HotSpot(TM) Server VM (25.5-b02) for linux-x86 JRE (1.8.0_05-b13), built on Mar 18 2014 00:45:30 by "java_re" with gcc 4.3.0 20080428 (Red Hat 4.3.0-8)

time: Wed May 14 15:06:49 2014
elapsed time: 3 seconds

